mode: set
github.com/example/memcached-operator/internal/controller/memcached_controller.go:59.101,64.16 4 0
github.com/example/memcached-operator/internal/controller/memcached_controller.go:64.16,65.29 1 0
github.com/example/memcached-operator/internal/controller/memcached_controller.go:65.29,68.4 2 0
github.com/example/memcached-operator/internal/controller/memcached_controller.go:69.3,69.28 1 0
github.com/example/memcached-operator/internal/controller/memcached_controller.go:71.2,73.42 3 0
github.com/example/memcached-operator/internal/controller/memcached_controller.go:73.42,77.17 4 0
github.com/example/memcached-operator/internal/controller/memcached_controller.go:77.17,80.4 2 0
github.com/example/memcached-operator/internal/controller/memcached_controller.go:81.3,81.41 1 0
github.com/example/memcached-operator/internal/controller/memcached_controller.go:83.2,83.16 1 0
github.com/example/memcached-operator/internal/controller/memcached_controller.go:83.16,86.3 2 0
github.com/example/memcached-operator/internal/controller/memcached_controller.go:88.2,89.34 2 0
github.com/example/memcached-operator/internal/controller/memcached_controller.go:89.34,92.17 3 0
github.com/example/memcached-operator/internal/controller/memcached_controller.go:92.17,95.4 2 0
github.com/example/memcached-operator/internal/controller/memcached_controller.go:97.3,97.41 1 0
github.com/example/memcached-operator/internal/controller/memcached_controller.go:102.2,107.57 3 0
github.com/example/memcached-operator/internal/controller/memcached_controller.go:107.57,110.3 2 0
github.com/example/memcached-operator/internal/controller/memcached_controller.go:111.2,114.58 2 0
github.com/example/memcached-operator/internal/controller/memcached_controller.go:114.58,117.17 3 0
github.com/example/memcached-operator/internal/controller/memcached_controller.go:117.17,120.4 2 0
github.com/example/memcached-operator/internal/controller/memcached_controller.go:122.2,122.27 1 0
github.com/example/memcached-operator/internal/controller/memcached_controller.go:125.101,160.2 5 0
github.com/example/memcached-operator/internal/controller/memcached_controller.go:162.56,164.2 1 0
github.com/example/memcached-operator/internal/controller/memcached_controller.go:167.46,169.27 2 0
github.com/example/memcached-operator/internal/controller/memcached_controller.go:169.27,171.3 1 0
github.com/example/memcached-operator/internal/controller/memcached_controller.go:172.2,172.17 1 0
github.com/example/memcached-operator/internal/controller/memcached_controller.go:176.72,181.2 1 0
